[debug] [2025-07-17T01:16:10.913Z] ----------------------------------------------------------------------
[debug] [2025-07-17T01:16:10.915Z] Command:       C:\Program Files\nodejs\node.exe C:\Users\aldai\AppData\Roaming\npm\node_modules\firebase-tools\lib\bin\firebase.js init
[debug] [2025-07-17T01:16:10.915Z] CLI Version:   14.10.1
[debug] [2025-07-17T01:16:10.915Z] Platform:      win32
[debug] [2025-07-17T01:16:10.915Z] Node Version:  v22.17.1
[debug] [2025-07-17T01:16:10.916Z] Time:          Wed Jul 16 2025 19:16:10 GMT-0600 (hora estándar central)
[debug] [2025-07-17T01:16:10.916Z] ----------------------------------------------------------------------
[debug] 
[debug] [2025-07-17T01:16:10.919Z] > command requires scopes: ["email","openid","https://www.googleapis.com/auth/cloudplatformprojects.readonly","https://www.googleapis.com/auth/firebase","https://www.googleapis.com/auth/cloud-platform"]
[debug] [2025-07-17T01:16:10.920Z] > authorizing via signed-in user (aris.losnietos@gmail.com)
[info] 
     ######## #### ########  ######## ########     ###     ######  ########
     ##        ##  ##     ## ##       ##     ##  ##   ##  ##       ##
     ######    ##  ########  ######   ########  #########  ######  ######
     ##        ##  ##    ##  ##       ##     ## ##     ##       ## ##
     ##       #### ##     ## ######## ########  ##     ##  ######  ########

You're about to initialize a Firebase project in this directory:

  C:\xampp\htdocs\ARISFIREBASE

Before we get started, keep in mind:

  * You are currently outside your home directory

[info] 
=== Project Setup
[info] 
[info] First, let's associate this project directory with a Firebase project.
[info] You can create multiple project aliases by running firebase use --add, 
[info] but for now we'll just set up a default project.
[info] 
[debug] [2025-07-17T01:17:26.222Z] Checked if tokens are valid: true, expires at: 1752718540317
[debug] [2025-07-17T01:17:26.222Z] Checked if tokens are valid: true, expires at: 1752718540317
[debug] [2025-07-17T01:17:26.223Z] >>> [apiv2][query] GET https://firebase.googleapis.com/v1beta1/projects pageSize=100
[debug] [2025-07-17T01:17:26.525Z] <<< [apiv2][status] GET https://firebase.googleapis.com/v1beta1/projects 200
[debug] [2025-07-17T01:17:26.526Z] <<< [apiv2][body] GET https://firebase.googleapis.com/v1beta1/projects [omitted]
[info] i  Using project aris-pruba (Aris-pruba) 
[info] 
=== Hosting Setup
[debug] [2025-07-17T01:17:46.675Z] Checked if tokens are valid: true, expires at: 1752718540317
[debug] [2025-07-17T01:17:46.675Z] Checked if tokens are valid: true, expires at: 1752718540317
[debug] [2025-07-17T01:17:46.675Z] >>> [apiv2][query] GET https://firebase.googleapis.com/v1beta1/projects/aris-pruba [none]
[debug] [2025-07-17T01:17:46.853Z] <<< [apiv2][status] GET https://firebase.googleapis.com/v1beta1/projects/aris-pruba 200
[debug] [2025-07-17T01:17:46.853Z] <<< [apiv2][body] GET https://firebase.googleapis.com/v1beta1/projects/aris-pruba {"projectId":"aris-pruba","projectNumber":"324357029175","displayName":"Aris-pruba","name":"projects/aris-pruba","resources":{"hostingSite":"aris-pruba","realtimeDatabaseInstance":"aris-pruba-default-rtdb"},"state":"ACTIVE","etag":"1_df352957-2c3b-4b39-a767-7fb211e70fba"}
[info] 
[info] Your public directory is the folder (relative to your project directory) that
[info] will contain Hosting assets to be uploaded with firebase deploy. If you
[info] have a build process for your assets, use your build's output directory.
[info] 
[debug] [2025-07-17T01:18:59.337Z] >>> [apiv2][query] GET https://www.gstatic.com/firebasejs/releases.json [none]
[debug] [2025-07-17T01:18:59.438Z] <<< [apiv2][status] GET https://www.gstatic.com/firebasejs/releases.json 200
[debug] [2025-07-17T01:18:59.438Z] <<< [apiv2][body] GET https://www.gstatic.com/firebasejs/releases.json {"current":{"version":"11.10.0","browserURL":"https://www.gstatic.com/firebasejs/11.10.0/firebase.js","packageURL":"https://www.gstatic.com/firebasejs/11.10.0/firebase.tgz"},"live":{"version":"11.10","browserURL":"https://www.gstatic.com/firebasejs/live/11.10/firebase.js","packageURL":"https://www.gstatic.com/firebasejs/live/11.10/firebase.tgz"},"components":{"ai":"https://www.gstatic.com/firebasejs/11.10.0/firebase-ai.js","analytics":"https://www.gstatic.com/firebasejs/11.10.0/firebase-analytics.js","app":"https://www.gstatic.com/firebasejs/11.10.0/firebase-app.js","app-check":"https://www.gstatic.com/firebasejs/11.10.0/firebase-app-check.js","auth":"https://www.gstatic.com/firebasejs/11.10.0/firebase-auth.js","auth/cordova":"https://www.gstatic.com/firebasejs/11.10.0/firebase-auth/cordova.js","auth/web-extension":"https://www.gstatic.com/firebasejs/11.10.0/firebase-auth/web-extension.js","functions":"https://www.gstatic.com/firebasejs/11.10.0/firebase-functions.js","firestore":"https://www.gstatic.com/firebasejs/11.10.0/firebase-firestore.js","firestore/lite":"https://www.gstatic.com/firebasejs/11.10.0/firebase-firestore/lite.js","installations":"https://www.gstatic.com/firebasejs/11.10.0/firebase-installations.js","storage":"https://www.gstatic.com/firebasejs/11.10.0/firebase-storage.js","performance":"https://www.gstatic.com/firebasejs/11.10.0/firebase-performance.js","remote-config":"https://www.gstatic.com/firebasejs/11.10.0/firebase-remote-config.js","messaging":"https://www.gstatic.com/firebasejs/11.10.0/firebase-messaging.js","messaging/sw":"https://www.gstatic.com/firebasejs/11.10.0/firebase-messaging/sw.js","database":"https://www.gstatic.com/firebasejs/11.10.0/firebase-database.js","vertexai":"https://www.gstatic.com/firebasejs/11.10.0/firebase-vertexai.js","data-connect":"https://www.gstatic.com/firebasejs/11.10.0/firebase-data-connect.js","firestore.memory":"https://www.gstatic.com/firebasejs/11.10.0/firebase-firestore.memory.js"}}
[info] +  Wrote public/index.html 
[info] 
[info] i  Didn't detect a .git folder. Assuming C:\xampp\htdocs\ARISFIREBASE is the project root. 
[info] i  Authorizing with GitHub to upload your service account to a GitHub repository's secrets store. 
[info] 
[info] Visit this URL on this device to log in:
[info] https://github.com/login/oauth/authorize?client_id=89cf50f02ac6aaed3484&state=6889672&redirect_uri=http%3A%2F%2Flocalhost%3A9005&scope=read%3Auser%20repo%20public_repo
[info] 
[info] Waiting for authentication...
[debug] [2025-07-17T01:19:20.209Z] >>> [apiv2][query] POST https://github.com/login/oauth/access_token [none]
[debug] [2025-07-17T01:19:20.209Z] >>> [apiv2][body] POST https://github.com/login/oauth/access_token [stream]
[debug] [2025-07-17T01:19:20.707Z] <<< [apiv2][status] POST https://github.com/login/oauth/access_token 200
[debug] [2025-07-17T01:19:20.707Z] <<< [apiv2][body] POST https://github.com/login/oauth/access_token {"access_token":"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","token_type":"bearer","scope":"read:user,repo"}
[debug] [2025-07-17T01:19:20.710Z] >>> [apiv2][query] GET https://api.github.com/user [none]
[debug] [2025-07-17T01:19:21.827Z] <<< [apiv2][status] GET https://api.github.com/user 200
[debug] [2025-07-17T01:19:21.827Z] <<< [apiv2][body] GET https://api.github.com/user {"login":"JuanMendez012","id":70624080,"node_id":"MDQ6VXNlcjcwNjI0MDgw","avatar_url":"https://avatars.githubusercontent.com/u/70624080?v=4","gravatar_id":"","url":"https://api.github.com/users/JuanMendez012","html_url":"https://github.com/JuanMendez012","followers_url":"https://api.github.com/users/JuanMendez012/followers","following_url":"https://api.github.com/users/JuanMendez012/following{/other_user}","gists_url":"https://api.github.com/users/JuanMendez012/gists{/gist_id}","starred_url":"https://api.github.com/users/JuanMendez012/starred{/owner}{/repo}","subscriptions_url":"https://api.github.com/users/JuanMendez012/subscriptions","organizations_url":"https://api.github.com/users/JuanMendez012/orgs","repos_url":"https://api.github.com/users/JuanMendez012/repos","events_url":"https://api.github.com/users/JuanMendez012/events{/privacy}","received_events_url":"https://api.github.com/users/JuanMendez012/received_events","type":"User","user_view_type":"private","site_admin":false,"name":"Aldair R's","company":null,"blog":"","location":null,"email":null,"hireable":null,"bio":null,"twitter_username":null,"notification_email":null,"public_repos":3,"public_gists":0,"followers":0,"following":0,"created_at":"2020-09-02T05:46:47Z","updated_at":"2025-06-27T01:54:27Z","private_gists":0,"total_private_repos":1,"owned_private_repos":1,"disk_usage":4459,"collaborators":0,"two_factor_authentication":false,"plan":{"name":"free","space":976562499,"collaborators":0,"private_repos":10000}}
[info] 
[info] +  Success! Logged into GitHub as JuanMendez012 
[info] 
